<?xml version="1.0" encoding="UTF-8"?>
<!-- Generated by org.testng.reporters.JUnitReportReporter -->
<testsuite hostname="EGCA1-0091" failures="0" tests="2" name="test_cases.TestBase" time="153.599" errors="0" timestamp="2022-06-24T18:49:20 EET" skipped="0">
  <testcase classname="test_cases.TestBase" name="startApplication" time="45.763"/>
  <system-out/>
  <testcase classname="test_cases.TestBase" name="login" time="107.836"/>
  <system-out/>
</testsuite> <!-- test_cases.TestBase -->
