<?xml version="1.0" encoding="UTF-8"?>
<!-- Generated by org.testng.reporters.JUnitReportReporter -->
<testsuite hostname="EGCA1-0091" failures="0" tests="2" name="main.Start" time="78.928" errors="0" timestamp="2022-01-22T06:43:49 EET" skipped="0">
  <testcase classname="main.Start" name="startApplication" time="29.391"/>
  <system-out/>
  <testcase classname="main.Start" name="login" time="49.537"/>
  <system-out/>
</testsuite> <!-- main.Start -->
