<?xml version="1.0" encoding="UTF-8"?>
<!-- Generated by org.testng.reporters.JUnitReportReporter -->
<testsuite hostname="EGCA1-0091" failures="0" tests="2" name="main.Start" time="137.305" errors="0" timestamp="2022-02-05T20:54:33 EET" skipped="0">
  <testcase classname="main.Start" name="startApplication" time="51.163"/>
  <system-out/>
  <testcase classname="main.Start" name="login" time="86.142"/>
  <system-out/>
</testsuite> <!-- main.Start -->
